<?xml version="1.0" encoding="UTF-8"?>
<!-- Generated by org.testng.reporters.JUnitReportReporter -->
<testsuite hostname="DESKTOP-DIMGNTL" failures="0" tests="4" name="com.lms.testrunners.TestRunner" time="44.219" errors="0" timestamp="2022-09-27T17:04:43 EDT" skipped="0">
  <testcase classname="com.lms.testrunners.TestRunner" name="runScenario" time="10.545"/>
  <system-out/>
  <testcase classname="com.lms.testrunners.TestRunner" name="runScenario" time="9.232"/>
  <system-out/>
  <testcase classname="com.lms.testrunners.TestRunner" name="runScenario" time="10.661"/>
  <system-out/>
  <testcase classname="com.lms.testrunners.TestRunner" name="runScenario" time="13.781"/>
  <system-out/>
</testsuite> <!-- com.lms.testrunners.TestRunner -->
